10 05 2022 21:20:05: Xem thông tin bệnh nhân Trần Minh Minh 
10 05 2022 21:20:12: Thêm bệnh nhân Trần Minh a Minh 
11 05 2022 09:44:57: Xem thông tin bệnh nhân Trần Minh a Minh 
11 05 2022 09:44:58: Xem thông tin bệnh nhân Trần Minh Minh 
11 05 2022 09:44:59: Xem thông tin bệnh nhân Trần Minh a Minh 
11 05 2022 09:45:00: Xóa bệnh nhân Trần Minh a Minh 
11 05 2022 09:45:12: Xem thông tin bệnh nhân Nguyen vvan 
11 05 2022 09:45:15: Xóa bệnh nhân Nguyen vvan 
12 05 2022 14:52:45: Xem thông tin bệnh nhân Nguyễn Minh Mẫn 
12 05 2022 14:52:47: Xem thông tin bệnh nhân Trần Minh1 Minh1 
12 05 2022 14:52:48: Xem thông tin bệnh nhân Nguyễn Minh Mẫn 
12 05 2022 14:52:57: Xem thông tin bệnh nhân Trần Minh1 Minh1 
12 05 2022 14:53:38: Xem thông tin bệnh nhân Nguyễn Minh Mẫn 
14 05 2022 09:44:30: Xem thông tin tài khoản thaingoc                                                                                                                                                                                                                                                        
14 05 2022 09:44:30: Xem thông tin tài khoản test2                                                                                                                                                                                                                                                           
14 05 2022 09:44:38: Xem thông tin tài khoản admin                                                                                                                                                                                                                                                           
14 05 2022 09:45:31: Xem thông tin bệnh nhân Trần Minh1 Minh1 
14 05 2022 09:45:42: Xem thông tin khám bệnh của bệnh nhân Trần Minh1 Minh1 
16 05 2022 14:34:35: Xem thông tin bệnh nhân Vo Huu Nhan 
16 05 2022 14:35:04: Xem thông tin bệnh nhân Trần Minh1 Minh2 
16 05 2022 14:36:42: Xem thông tin bệnh nhân Vo Huu Nhan 
16 05 2022 14:37:49: Xem thông tin bệnh nhân Vo Huu Nhan 
16 05 2022 14:38:53: Xem thông tin bệnh nhân Vo Huu Nhan 
16 05 2022 14:38:56: Xem thông tin khám bệnh của bệnh nhân Trần Minh1 Minh2 
16 05 2022 14:39:17: Xem thông tin bệnh nhân Vo Huu Nhan 
16 05 2022 14:39:20: Xem thông tin khám bệnh của bệnh nhân Trần Minh1 Minh2 
16 05 2022 14:40:04: Xem thông tin bệnh nhân Vo Huu Nhan 
16 05 2022 14:40:07: Xem thông tin khám bệnh của bệnh nhân Trần Minh1 Minh2 
16 05 2022 14:40:24: Thêm thuốc vào đơn. 
