22 05 2021 23:33:35: Xem thông tin bác sĩ Trần Văn Nam 
22 05 2021 23:36:42: Xem thông tin bác sĩ Phương Thái Ngọc 
22 05 2021 23:36:53: Thêm bác sĩ Phương  Ngọc 
22 05 2021 23:37:01: Sửa thông tin bác sĩ Phương  thái 
22 05 2021 23:37:04: Xem thông tin bác sĩ Phương  thái 
22 05 2021 23:37:07: Xóa bác sĩ Phương  thái 
22 05 2021 23:40:12: Xem thông tin bệnh nhân Nguyễn Minh Mẫn 
22 05 2021 23:40:16: Thêm bệnh nhân Nguyễn Minh Mẫn 
22 05 2021 23:40:16: Xem thông tin bệnh nhân Nguyễn Minh Mẫn 
22 05 2021 23:40:23: Sửa thông tin bệnh nhân Nguyễn Minh Mẫn 
22 05 2021 23:40:25: Xem thông tin bệnh nhân Nguyễn Minh Mẫn 
22 05 2021 23:40:26: Xóa bệnh nhân Nguyễn Minh Mẫn 
23 05 2021 10:48:08: Đổi mật khẩu 
23 05 2021 11:15:09: Xem thông tin bệnh nhân Nguyễn Minh Mẫn 
23 05 2021 11:15:09: Xem thông tin bệnh nhân Trần Minh Minh 
23 05 2021 11:15:10: Xem thông tin bệnh nhân Nguyễn Minh Mẫn 
23 05 2021 11:15:10: Xem thông tin bệnh nhân Trần Minh Minh 
23 05 2021 11:15:10: Xem thông tin bệnh nhân Nguyễn Minh Mẫn 
23 05 2021 11:15:11: Xem thông tin bệnh nhân Trần Minh Minh 
23 05 2021 11:15:11: Xem thông tin bệnh nhân Nguyễn Minh Mẫn 
23 05 2021 11:15:12: Xem thông tin bệnh nhân Trần Minh Minh 
23 05 2021 11:15:12: Xem thông tin bệnh nhân Nguyễn Minh Mẫn 
23 05 2021 11:15:13: Xem thông tin bệnh nhân Trần Minh Minh 
23 05 2021 11:15:13: Xem thông tin bệnh nhân Nguyễn Minh Mẫn 
23 05 2021 11:15:13: Xem thông tin bệnh nhân Trần Minh Minh 
23 05 2021 11:15:14: Xem thông tin bệnh nhân Nguyễn Minh Mẫn 
23 05 2021 14:09:56: Xem thông tin bệnh nhân Trần Minh Minh 
23 05 2021 14:09:56: Xem thông tin bệnh nhân Nguyễn Minh Mẫn 
23 05 2021 14:09:57: Xem thông tin bệnh nhân Trần Minh Minh 
23 05 2021 14:09:57: Xem thông tin bệnh nhân Nguyễn Minh Mẫn 
23 05 2021 14:09:58: Xem thông tin bệnh nhân Trần Minh Minh 
23 05 2021 14:09:59: Xem thông tin bệnh nhân Trần Minh Minh 
23 05 2021 14:10:02: Xem thông tin bệnh nhân Trần Minh Minh 
23 05 2021 14:10:02: Xem thông tin bệnh nhân Nguyễn Minh Mẫn 
23 05 2021 14:10:03: Xem thông tin bệnh nhân Trần Minh Minh 
23 05 2021 14:21:17: Xem thông tin bệnh nhân Trần Minh Minh 
23 05 2021 14:21:18: Xem thông tin bệnh nhân Nguyễn Minh Mẫn 
23 05 2021 14:21:54: Xem thông tin bệnh nhân Nguyễn Minh Mẫn 
23 05 2021 14:21:58: Xem thông tin khám bệnh của bệnh nhân Nguyễn Minh Mẫn 
23 05 2021 14:21:59: Xem thông tin khám bệnh của bệnh nhân Trần Minh Minh 
23 05 2021 14:22:00: Xem thông tin khám bệnh của bệnh nhân Trần Minh Minh 
23 05 2021 14:22:00: Xem thông tin khám bệnh của bệnh nhân Trần Minh Minh 
23 05 2021 14:22:00: Xem thông tin khám bệnh của bệnh nhân Nguyễn Minh Mẫn 
23 05 2021 14:22:19: Thêm thuốc vào đơn. 
23 05 2021 14:22:40: Xem thông tin khám bệnh của bệnh nhân Trần Minh Minh 
23 05 2021 14:22:49: Xem thông tin bệnh nhân Nguyễn Minh Mẫn 
23 05 2021 14:23:01: Xem thông tin khám bệnh của bệnh nhân Trần Minh Minh 
23 05 2021 15:07:06: Xem thông tin bệnh nhân Nguyễn Minh Mẫn 
23 05 2021 15:07:11: Xem thông tin khám bệnh của bệnh nhân Nguyễn Minh Mẫn 
23 05 2021 15:07:34: Đổi mật khẩu 
23 05 2021 15:21:44: Xem thông tin bệnh nhân Nguyễn Minh Mẫn 
23 05 2021 15:42:40: Xem thông tin bệnh nhân Trần Minh Minh 
23 05 2021 15:42:41: Xem thông tin bệnh nhân Nguyễn Minh Mẫn 
23 05 2021 15:42:41: Xem thông tin bệnh nhân Trần Minh Minh 
23 05 2021 15:42:41: Xem thông tin bệnh nhân Trần Minh Minh 
23 05 2021 15:42:41: Xem thông tin bệnh nhân Trần Minh Minh 
23 05 2021 15:42:42: Xem thông tin bệnh nhân Nguyễn Minh Mẫn 
23 05 2021 15:42:42: Xem thông tin bệnh nhân Nguyễn Minh Mẫn 
23 05 2021 15:42:42: Xem thông tin bệnh nhân Trần Minh Minh 
23 05 2021 15:42:43: Xem thông tin bệnh nhân Trần Minh Minh 
23 05 2021 15:42:53: Xem thông tin bệnh nhân Trần Minh Minh 
23 05 2021 15:42:54: Xem thông tin bệnh nhân Trần Minh Minh 
23 05 2021 15:42:56: Xem thông tin bệnh nhân Nguyễn Minh Mẫn 
23 05 2021 15:42:56: Xem thông tin bệnh nhân Trần Minh Minh 
23 05 2021 15:42:56: Xem thông tin bệnh nhân Nguyễn Minh Mẫn 
23 05 2021 15:42:56: Xem thông tin bệnh nhân Trần Minh Minh 
23 05 2021 15:42:57: Xem thông tin bệnh nhân Nguyễn Minh Mẫn 
23 05 2021 15:42:58: Xem thông tin bệnh nhân Trần Minh Minh 
23 05 2021 15:45:37: Xem thông tin tài khoản admin                                                                                                                                                                                                                                                           
23 05 2021 15:45:39: Xem thông tin tài khoản admin                                                                                                                                                                                                                                                           
23 05 2021 15:45:46: Xem thông tin tài khoản thaingoc                                                                                                                                                                                                                                                        
23 05 2021 15:45:46: Xem thông tin tài khoản thaingoc                                                                                                                                                                                                                                                        
23 05 2021 15:45:47: Xem thông tin tài khoản test2                                                                                                                                                                                                                                                           
23 05 2021 15:45:47: Xem thông tin tài khoản test1                                                                                                                                                                                                                                                           
23 05 2021 15:45:48: Xem thông tin tài khoản nguyenvana                                                                                                                                                                                                                                                      
23 05 2021 16:21:22: Xem thông tin bệnh nhân Nguyễn Minh Mẫn 
23 05 2021 16:36:59: Xem thông tin bệnh nhân Nguyễn Minh Mẫn 
23 05 2021 16:37:04: Xem thông tin bệnh nhân Nguyễn Minh Mẫn 
23 05 2021 16:39:08: Xem thông tin bệnh nhân Nguyễn Minh Mẫn 
23 05 2021 16:39:16: Xem thông tin bệnh nhân Nguyễn Minh Mẫn 
23 05 2021 16:40:21: Xem thông tin bệnh nhân Nguyễn Minh Mẫn 
23 05 2021 16:42:36: Xem thông tin bệnh nhân Nguyễn Minh Mẫn 
23 05 2021 16:43:41: Xem thông tin bệnh nhân Trần Minh Minh 
23 05 2021 16:44:03: Xem thông tin khám bệnh của bệnh nhân Nguyễn Minh Mẫn 
24 05 2021 00:38:12: Xem thông tin bệnh nhân Nguyễn Minh Mẫn 
24 05 2021 00:51:04: Xem thông tin bệnh nhân Nguyễn Minh Mẫn 
24 05 2021 00:51:07: Xem thông tin khám bệnh của bệnh nhân Nguyễn Minh Mẫn 
24 05 2021 01:20:43: Xem thông tin bệnh nhân Nguyễn Minh Mẫn 
24 05 2021 01:20:46: Xem thông tin khám bệnh của bệnh nhân Nguyễn Minh Mẫn 
24 05 2021 01:22:27: Xem thông tin bệnh nhân Nguyễn Minh Mẫn 
24 05 2021 01:22:31: Xem thông tin khám bệnh của bệnh nhân Nguyễn Minh Mẫn 
24 05 2021 01:24:13: Xem thông tin bệnh nhân Nguyễn Minh Mẫn 
24 05 2021 01:24:18: Xem thông tin khám bệnh của bệnh nhân Nguyễn Minh Mẫn 
24 05 2021 01:24:40: Xem thông tin bệnh nhân Nguyễn Minh Mẫn 
24 05 2021 01:24:43: Xem thông tin khám bệnh của bệnh nhân Nguyễn Minh Mẫn 
24 05 2021 01:25:38: Xem thông tin bệnh nhân Nguyễn Minh Mẫn 
24 05 2021 01:25:40: Xem thông tin khám bệnh của bệnh nhân Nguyễn Minh Mẫn 
24 05 2021 01:28:29: Xem thông tin bệnh nhân Nguyễn Minh Mẫn 
24 05 2021 01:28:32: Xem thông tin khám bệnh của bệnh nhân Nguyễn Minh Mẫn 
24 05 2021 01:32:08: Xem thông tin bệnh nhân Trần Minh Minh 
24 05 2021 01:32:58: Xem thông tin bệnh nhân Nguyễn Minh Mẫn 
24 05 2021 01:33:28: Xem thông tin bệnh nhân Nguyễn Minh Mẫn 
24 05 2021 01:33:31: Xem thông tin bệnh nhân Trần Minh Minh 
24 05 2021 01:48:29: Xem thông tin bệnh nhân Trần Minh Minh 
24 05 2021 01:49:31: Xem thông tin bệnh nhân Trần Minh Minh 
24 05 2021 01:50:58: Xem thông tin bệnh nhân Nguyễn Minh Mẫn 
24 05 2021 01:51:05: Thêm thông tin khám bệnh vào CSDL. 
24 05 2021 01:51:07: Xem thông tin khám bệnh của bệnh nhân Trần Minh Minh 
24 05 2021 01:51:10: Xem thông tin khám bệnh của bệnh nhân Trần Minh Minh 
24 05 2021 01:51:11: Xem thông tin khám bệnh của bệnh nhân Trần Minh Minh 
24 05 2021 01:51:12: Xem thông tin khám bệnh của bệnh nhân Trần Minh Minh 
24 05 2021 01:51:13: Xem thông tin khám bệnh của bệnh nhân Nguyễn Minh Mẫn 
24 05 2021 01:51:14: Xem thông tin khám bệnh của bệnh nhân Trần Minh Minh 
24 05 2021 01:51:16: Xem thông tin khám bệnh của bệnh nhân Trần Minh Minh 
24 05 2021 01:51:16: Xem thông tin khám bệnh của bệnh nhân Trần Minh Minh 
24 05 2021 01:51:17: Xem thông tin khám bệnh của bệnh nhân Nguyễn Minh Mẫn 
24 05 2021 01:51:18: Xem thông tin khám bệnh của bệnh nhân Trần Minh Minh 
24 05 2021 01:51:18: Xem thông tin khám bệnh của bệnh nhân Trần Minh Minh 
24 05 2021 01:51:19: Xem thông tin khám bệnh của bệnh nhân Nguyễn Minh Mẫn 
24 05 2021 01:51:19: Xem thông tin khám bệnh của bệnh nhân Trần Minh Minh 
24 05 2021 01:51:20: Xem thông tin khám bệnh của bệnh nhân Trần Minh Minh 
24 05 2021 01:51:20: Xem thông tin khám bệnh của bệnh nhân Trần Minh Minh 
24 05 2021 01:51:20: Xem thông tin khám bệnh của bệnh nhân Trần Minh Minh 
24 05 2021 01:51:21: Xem thông tin khám bệnh của bệnh nhân Trần Minh Minh 
24 05 2021 01:51:21: Xem thông tin khám bệnh của bệnh nhân Nguyễn Minh Mẫn 
24 05 2021 01:51:21: Xem thông tin khám bệnh của bệnh nhân Trần Minh Minh 
24 05 2021 01:51:22: Xem thông tin khám bệnh của bệnh nhân Nguyễn Minh Mẫn 
24 05 2021 01:59:42: Xem thông tin bệnh nhân Nguyễn Minh Mẫn 
24 05 2021 01:59:49: Thêm thông tin khám bệnh vào CSDL. 
24 05 2021 01:59:51: Xem thông tin khám bệnh của bệnh nhân Nguyễn Minh Mẫn 
24 05 2021 02:00:08: Thêm thuốc vào đơn. 
24 05 2021 02:01:31: Xem thông tin bệnh nhân Trần Minh Minh 
24 05 2021 02:01:37: Thêm thông tin khám bệnh vào CSDL. 
24 05 2021 02:01:39: Xem thông tin khám bệnh của bệnh nhân Trần Minh Minh 
24 05 2021 02:01:54: Thêm thuốc vào đơn. 
24 05 2021 02:03:46: Xem thông tin bệnh nhân Trần Minh Minh 
24 05 2021 02:03:50: Xem thông tin khám bệnh của bệnh nhân Nguyễn Minh Mẫn 
24 05 2021 02:04:41: Xem thông tin bệnh nhân Trần Minh Minh 
24 05 2021 02:04:44: Xem thông tin khám bệnh của bệnh nhân Trần Minh Minh 
24 05 2021 02:05:05: Xem thông tin khám bệnh của bệnh nhân Nguyễn Minh Mẫn 
24 05 2021 02:06:18: Xem thông tin bệnh nhân Nguyễn Minh Mẫn 
24 05 2021 02:06:55: Xem thông tin bệnh nhân Nguyễn Minh Mẫn 
24 05 2021 02:07:14: Xem thông tin bệnh nhân Nguyễn Minh Mẫn 
24 05 2021 02:14:08: Xem thông tin bệnh nhân Nguyễn Minh Mẫn 
24 05 2021 02:14:15: Xem thông tin khám bệnh của bệnh nhân Nguyễn Minh Mẫn 
24 05 2021 02:14:17: Xem thông tin khám bệnh của bệnh nhân Trần Minh Minh 
24 05 2021 02:14:18: Xem thông tin khám bệnh của bệnh nhân Nguyễn Minh Mẫn 
24 05 2021 02:15:11: Xem thông tin bệnh nhân Nguyễn Minh Mẫn 
24 05 2021 02:15:15: Xem thông tin khám bệnh của bệnh nhân Trần Minh Minh 
24 05 2021 02:15:24: Xem thông tin khám bệnh của bệnh nhân Nguyễn Minh Mẫn 
24 05 2021 02:15:25: Xem thông tin khám bệnh của bệnh nhân Trần Minh Minh 
24 05 2021 02:16:03: Xem thông tin bệnh nhân Nguyễn Minh Mẫn 
24 05 2021 02:16:06: Xem thông tin khám bệnh của bệnh nhân Trần Minh Minh 
24 05 2021 02:16:11: Xem thông tin khám bệnh của bệnh nhân Trần Minh Minh 
24 05 2021 02:16:15: Xem thông tin khám bệnh của bệnh nhân Trần Minh Minh 
24 05 2021 02:16:16: Xem thông tin khám bệnh của bệnh nhân Trần Minh Minh 
24 05 2021 02:16:16: Xem thông tin khám bệnh của bệnh nhân Nguyễn Minh Mẫn 
24 05 2021 02:16:17: Xem thông tin khám bệnh của bệnh nhân Nguyễn Minh Mẫn 
24 05 2021 02:21:13: Xem thông tin bệnh nhân Nguyễn Minh Mẫn 
24 05 2021 02:21:16: Xem thông tin khám bệnh của bệnh nhân Trần Minh Minh 
24 05 2021 02:21:17: Xem thông tin khám bệnh của bệnh nhân Trần Minh Minh 
24 05 2021 02:26:29: Xem thông tin bệnh nhân Trần Minh Minh 
24 05 2021 02:26:36: Xem thông tin khám bệnh của bệnh nhân Trần Minh Minh 
24 05 2021 02:28:50: Xem thông tin bệnh nhân Trần Minh Minh 
24 05 2021 02:28:53: Xem thông tin khám bệnh của bệnh nhân Trần Minh Minh 
24 05 2021 02:29:01: Xem thông tin khám bệnh của bệnh nhân Trần Minh Minh 
24 05 2021 02:29:02: Xem thông tin khám bệnh của bệnh nhân Nguyễn Minh Mẫn 
24 05 2021 02:29:05: Xem thông tin khám bệnh của bệnh nhân Trần Minh Minh 
24 05 2021 02:29:06: Xem thông tin khám bệnh của bệnh nhân Nguyễn Minh Mẫn 
24 05 2021 02:29:13: Xem thông tin khám bệnh của bệnh nhân Nguyễn Minh Mẫn 
24 05 2021 02:31:54: Xem thông tin bệnh nhân Trần Minh Minh 
24 05 2021 02:31:56: Xem thông tin khám bệnh của bệnh nhân Trần Minh Minh 
24 05 2021 02:33:20: Xem thông tin bệnh nhân Trần Minh Minh 
24 05 2021 02:33:22: Xem thông tin khám bệnh của bệnh nhân Trần Minh Minh 
24 05 2021 02:38:46: Xem thông tin bệnh nhân Nguyễn Minh Mẫn 
24 05 2021 02:38:49: Xem thông tin khám bệnh của bệnh nhân Trần Minh Minh 
24 05 2021 02:38:57: Xem thông tin khám bệnh của bệnh nhân Nguyễn Minh Mẫn 
24 05 2021 02:39:38: Xem thông tin bệnh nhân Trần Minh Minh 
24 05 2021 02:39:40: Xem thông tin khám bệnh của bệnh nhân Trần Minh Minh 
24 05 2021 02:39:55: Xem thông tin khám bệnh của bệnh nhân Nguyễn Minh Mẫn 
24 05 2021 02:40:24: Xem thông tin bệnh nhân Trần Minh Minh 
24 05 2021 02:40:26: Xem thông tin khám bệnh của bệnh nhân Trần Minh Minh 
24 05 2021 02:41:44: Xem thông tin bệnh nhân Nguyễn Minh Mẫn 
24 05 2021 02:41:46: Xem thông tin khám bệnh của bệnh nhân Nguyễn Minh Mẫn 
24 05 2021 02:42:19: Xem thông tin bệnh nhân Trần Minh Minh 
24 05 2021 02:42:22: Xem thông tin khám bệnh của bệnh nhân Nguyễn Minh Mẫn 
24 05 2021 02:43:02: Xem thông tin bệnh nhân Nguyễn Minh Mẫn 
24 05 2021 02:43:05: Xem thông tin khám bệnh của bệnh nhân Nguyễn Minh Mẫn 
24 05 2021 02:43:09: Xem thông tin khám bệnh của bệnh nhân Trần Minh Minh 
24 05 2021 02:48:15: Xem thông tin bệnh nhân Nguyễn Minh Mẫn 
24 05 2021 02:51:09: Xem thông tin bệnh nhân Nguyễn Minh Mẫn 
24 05 2021 02:51:15: Xem thông tin khám bệnh của bệnh nhân Nguyễn Minh Mẫn 
24 05 2021 02:51:17: Xem thông tin khám bệnh của bệnh nhân Nguyễn Minh Mẫn 
24 05 2021 02:51:17: Xem thông tin khám bệnh của bệnh nhân Trần Minh Minh 
24 05 2021 02:51:18: Xem thông tin khám bệnh của bệnh nhân Trần Minh Minh 
24 05 2021 02:51:18: Xem thông tin khám bệnh của bệnh nhân Trần Minh Minh 
24 05 2021 02:51:19: Xem thông tin khám bệnh của bệnh nhân Trần Minh Minh 
24 05 2021 02:51:19: Xem thông tin khám bệnh của bệnh nhân Nguyễn Minh Mẫn 
24 05 2021 02:51:19: Xem thông tin khám bệnh của bệnh nhân Trần Minh Minh 
24 05 2021 02:51:20: Xem thông tin khám bệnh của bệnh nhân Trần Minh Minh 
24 05 2021 02:51:20: Xem thông tin khám bệnh của bệnh nhân Nguyễn Minh Mẫn 
24 05 2021 02:51:21: Xem thông tin khám bệnh của bệnh nhân Nguyễn Minh Mẫn 
24 05 2021 02:51:21: Xem thông tin khám bệnh của bệnh nhân Trần Minh Minh 
24 05 2021 02:52:51: Xem thông tin bệnh nhân Nguyễn Minh Mẫn 
24 05 2021 02:52:54: Xem thông tin khám bệnh của bệnh nhân Nguyễn Minh Mẫn 
24 05 2021 02:52:54: Xem thông tin khám bệnh của bệnh nhân Trần Minh Minh 
24 05 2021 02:52:54: Xem thông tin khám bệnh của bệnh nhân Nguyễn Minh Mẫn 
24 05 2021 02:52:55: Xem thông tin khám bệnh của bệnh nhân Trần Minh Minh 
24 05 2021 02:52:55: Xem thông tin khám bệnh của bệnh nhân Trần Minh Minh 
24 05 2021 02:52:56: Xem thông tin khám bệnh của bệnh nhân Trần Minh Minh 
24 05 2021 02:52:57: Xem thông tin khám bệnh của bệnh nhân Nguyễn Minh Mẫn 
24 05 2021 02:52:57: Xem thông tin khám bệnh của bệnh nhân Trần Minh Minh 
24 05 2021 02:52:57: Xem thông tin khám bệnh của bệnh nhân Trần Minh Minh 
24 05 2021 02:52:58: Xem thông tin khám bệnh của bệnh nhân Nguyễn Minh Mẫn 
24 05 2021 02:52:59: Xem thông tin khám bệnh của bệnh nhân Trần Minh Minh 
24 05 2021 02:52:59: Xem thông tin khám bệnh của bệnh nhân Nguyễn Minh Mẫn 
24 05 2021 02:53:00: Xem thông tin khám bệnh của bệnh nhân Trần Minh Minh 
24 05 2021 02:53:00: Xem thông tin khám bệnh của bệnh nhân Trần Minh Minh 
24 05 2021 02:53:01: Xem thông tin khám bệnh của bệnh nhân Trần Minh Minh 
24 05 2021 02:53:01: Xem thông tin khám bệnh của bệnh nhân Nguyễn Minh Mẫn 
24 05 2021 02:53:02: Xem thông tin khám bệnh của bệnh nhân Trần Minh Minh 
24 05 2021 02:53:03: Xem thông tin khám bệnh của bệnh nhân Nguyễn Minh Mẫn 
24 05 2021 02:53:03: Xem thông tin khám bệnh của bệnh nhân Trần Minh Minh 
24 05 2021 02:53:04: Xem thông tin khám bệnh của bệnh nhân Nguyễn Minh Mẫn 
24 05 2021 02:53:04: Xem thông tin khám bệnh của bệnh nhân Nguyễn Minh Mẫn 
24 05 2021 02:53:04: Xem thông tin khám bệnh của bệnh nhân Trần Minh Minh 
24 05 2021 02:53:05: Xem thông tin khám bệnh của bệnh nhân Trần Minh Minh 
24 05 2021 02:55:57: Xem thông tin bệnh nhân Trần Minh Minh 
24 05 2021 02:56:00: Xem thông tin khám bệnh của bệnh nhân Nguyễn Minh Mẫn 
24 05 2021 02:56:12: Xem thông tin khám bệnh của bệnh nhân Trần Minh Minh 
24 05 2021 02:56:20: Xem thông tin khám bệnh của bệnh nhân Nguyễn Minh Mẫn 
24 05 2021 02:59:40: Xem thông tin bệnh nhân Nguyễn Minh Mẫn 
24 05 2021 02:59:42: Xem thông tin khám bệnh của bệnh nhân Nguyễn Minh Mẫn 
24 05 2021 02:59:48: Xem thông tin khám bệnh của bệnh nhân Trần Minh Minh 
24 05 2021 03:00:48: Xem thông tin bệnh nhân Trần Minh Minh 
24 05 2021 03:01:34: Xem thông tin bệnh nhân Nguyễn Minh Mẫn 
24 05 2021 03:01:38: Xem thông tin khám bệnh của bệnh nhân Nguyễn Minh Mẫn 
24 05 2021 03:01:45: Xem thông tin khám bệnh của bệnh nhân Trần Minh Minh 
24 05 2021 03:04:15: Xem thông tin bệnh nhân Trần Minh Minh 
24 05 2021 03:04:17: Xem thông tin khám bệnh của bệnh nhân Trần Minh Minh 
24 05 2021 03:04:40: Xem thông tin bệnh nhân Trần Minh Minh 
24 05 2021 03:10:48: Xem thông tin bệnh nhân Nguyễn Minh Mẫn 
24 05 2021 03:10:51: Xem thông tin khám bệnh của bệnh nhân Trần Minh Minh 
24 05 2021 03:11:42: Xem thông tin bệnh nhân Nguyễn Minh Mẫn 
24 05 2021 03:11:46: Xem thông tin khám bệnh của bệnh nhân Nguyễn Minh Mẫn 
24 05 2021 03:12:37: Xem thông tin bệnh nhân Trần Minh Minh 
24 05 2021 03:12:40: Xem thông tin khám bệnh của bệnh nhân Nguyễn Minh Mẫn 
24 05 2021 03:12:52: Xem thông tin khám bệnh của bệnh nhân Trần Minh Minh 
24 05 2021 03:14:36: Xem thông tin bệnh nhân Nguyễn Minh Mẫn 
24 05 2021 03:15:11: Xem thông tin bệnh nhân Nguyễn Minh Mẫn 
24 05 2021 03:18:47: Xem thông tin tài khoản test1                                                                                                                                                                                                                                                           
24 05 2021 03:18:48: Xem thông tin tài khoản test1                                                                                                                                                                                                                                                           
24 05 2021 09:26:25: Xem thông tin bệnh nhân Nguyễn Minh Mẫn 
24 05 2021 09:26:33: Xem thông tin khám bệnh của bệnh nhân Trần Minh Minh 
24 05 2021 09:27:13: Xem thông tin bệnh nhân Nguyễn Minh Mẫn 
24 05 2021 09:27:15: Xem thông tin khám bệnh của bệnh nhân Trần Minh Minh 
24 05 2021 09:27:18: Xem thông tin khám bệnh của bệnh nhân Nguyễn Minh Mẫn 
24 05 2021 09:27:19: Xem thông tin khám bệnh của bệnh nhân Nguyễn Minh Mẫn 
24 05 2021 09:27:20: Xem thông tin khám bệnh của bệnh nhân Trần Minh Minh 
24 05 2021 09:27:26: Xem thông tin khám bệnh của bệnh nhân Nguyễn Minh Mẫn 
24 05 2021 09:27:26: Xem thông tin khám bệnh của bệnh nhân Nguyễn Minh Mẫn 
24 05 2021 09:27:27: Xem thông tin khám bệnh của bệnh nhân Nguyễn Minh Mẫn 
24 05 2021 09:27:27: Xem thông tin khám bệnh của bệnh nhân Trần Minh Minh 
24 05 2021 09:27:28: Xem thông tin khám bệnh của bệnh nhân Trần Minh Minh 
24 05 2021 09:27:28: Xem thông tin khám bệnh của bệnh nhân Trần Minh Minh 
24 05 2021 09:27:29: Xem thông tin khám bệnh của bệnh nhân Trần Minh Minh 
24 05 2021 09:27:29: Xem thông tin khám bệnh của bệnh nhân Trần Minh Minh 
24 05 2021 09:27:30: Xem thông tin khám bệnh của bệnh nhân Nguyễn Minh Mẫn 
24 05 2021 09:27:30: Xem thông tin khám bệnh của bệnh nhân Trần Minh Minh 
24 05 2021 09:27:30: Xem thông tin khám bệnh của bệnh nhân Trần Minh Minh 
24 05 2021 09:27:31: Xem thông tin khám bệnh của bệnh nhân Nguyễn Minh Mẫn 
24 05 2021 09:27:31: Xem thông tin khám bệnh của bệnh nhân Nguyễn Minh Mẫn 
24 05 2021 09:27:31: Xem thông tin khám bệnh của bệnh nhân Trần Minh Minh 
24 05 2021 09:27:32: Xem thông tin khám bệnh của bệnh nhân Nguyễn Minh Mẫn 
24 05 2021 09:27:32: Xem thông tin khám bệnh của bệnh nhân Nguyễn Minh Mẫn 
24 05 2021 09:27:33: Xem thông tin khám bệnh của bệnh nhân Trần Minh Minh 
24 05 2021 09:27:33: Xem thông tin khám bệnh của bệnh nhân Trần Minh Minh 
24 05 2021 09:27:33: Xem thông tin khám bệnh của bệnh nhân Trần Minh Minh 
24 05 2021 09:27:34: Xem thông tin khám bệnh của bệnh nhân Trần Minh Minh 
24 05 2021 09:27:34: Xem thông tin khám bệnh của bệnh nhân Nguyễn Minh Mẫn 
24 05 2021 09:27:34: Xem thông tin khám bệnh của bệnh nhân Trần Minh Minh 
24 05 2021 09:27:35: Xem thông tin khám bệnh của bệnh nhân Trần Minh Minh 
24 05 2021 09:27:35: Xem thông tin khám bệnh của bệnh nhân Nguyễn Minh Mẫn 
24 05 2021 09:27:36: Xem thông tin khám bệnh của bệnh nhân Nguyễn Minh Mẫn 
24 05 2021 09:27:36: Xem thông tin khám bệnh của bệnh nhân Trần Minh Minh 
24 05 2021 09:27:36: Xem thông tin khám bệnh của bệnh nhân Nguyễn Minh Mẫn 
24 05 2021 09:27:37: Xem thông tin khám bệnh của bệnh nhân Trần Minh Minh 
24 05 2021 09:27:37: Xem thông tin khám bệnh của bệnh nhân Trần Minh Minh 
24 05 2021 09:27:37: Xem thông tin khám bệnh của bệnh nhân Trần Minh Minh 
24 05 2021 09:27:38: Xem thông tin khám bệnh của bệnh nhân Trần Minh Minh 
24 05 2021 09:27:38: Xem thông tin khám bệnh của bệnh nhân Trần Minh Minh 
24 05 2021 09:27:38: Xem thông tin khám bệnh của bệnh nhân Nguyễn Minh Mẫn 
24 05 2021 09:27:39: Xem thông tin khám bệnh của bệnh nhân Trần Minh Minh 
24 05 2021 09:27:39: Xem thông tin khám bệnh của bệnh nhân Trần Minh Minh 
24 05 2021 09:27:40: Xem thông tin khám bệnh của bệnh nhân Nguyễn Minh Mẫn 
24 05 2021 09:27:40: Xem thông tin khám bệnh của bệnh nhân Trần Minh Minh 
24 05 2021 09:27:41: Xem thông tin khám bệnh của bệnh nhân Nguyễn Minh Mẫn 
24 05 2021 09:27:41: Xem thông tin khám bệnh của bệnh nhân Nguyễn Minh Mẫn 
24 05 2021 09:27:42: Xem thông tin khám bệnh của bệnh nhân Trần Minh Minh 
24 05 2021 09:27:42: Xem thông tin khám bệnh của bệnh nhân Trần Minh Minh 
24 05 2021 09:27:42: Xem thông tin khám bệnh của bệnh nhân Trần Minh Minh 
24 05 2021 09:27:43: Xem thông tin khám bệnh của bệnh nhân Trần Minh Minh 
24 05 2021 09:27:43: Xem thông tin khám bệnh của bệnh nhân Nguyễn Minh Mẫn 
24 05 2021 09:31:08: Xem thông tin bệnh nhân Nguyễn Minh Mẫn 
24 05 2021 09:32:02: Xem thông tin bệnh nhân Nguyễn Minh Mẫn 
24 05 2021 09:32:09: Xem thông tin khám bệnh của bệnh nhân Trần Minh Minh 
24 05 2021 09:32:10: Xem thông tin khám bệnh của bệnh nhân Nguyễn Minh Mẫn 
24 05 2021 09:32:12: Xem thông tin khám bệnh của bệnh nhân Trần Minh Minh 
24 05 2021 09:32:16: Thêm thông tin khám bệnh vào CSDL. 
24 05 2021 09:39:15: Xem thông tin bệnh nhân Nguyễn Minh Mẫn 
24 05 2021 09:39:18: Xem thông tin khám bệnh của bệnh nhân Nguyễn Minh Mẫn 
24 05 2021 09:39:27: Thêm thuốc vào đơn. 
24 05 2021 09:43:12: Xem thông tin bệnh nhân Nguyễn Minh Mẫn 
24 05 2021 09:43:14: Xem thông tin khám bệnh của bệnh nhân Nguyễn Minh Mẫn 
24 05 2021 09:43:18: Xem thông tin khám bệnh của bệnh nhân Trần Minh Minh 
24 05 2021 09:43:19: Xem thông tin khám bệnh của bệnh nhân Nguyễn Minh Mẫn 
24 05 2021 09:43:20: Xem thông tin khám bệnh của bệnh nhân Nguyễn Minh Mẫn 
24 05 2021 09:43:28: Thêm thuốc vào đơn. 
24 05 2021 09:44:05: Thêm thuốc vào đơn. 
24 05 2021 09:44:50: Xem thông tin khám bệnh của bệnh nhân Nguyễn Minh Mẫn 
24 05 2021 09:45:20: Thêm thuốc vào đơn. 
24 05 2021 09:45:59: Xem thông tin bệnh nhân Trần Minh Minh 
24 05 2021 09:46:02: Xem thông tin khám bệnh của bệnh nhân Nguyễn Minh Mẫn 
24 05 2021 09:46:03: Xem thông tin khám bệnh của bệnh nhân Trần Minh Minh 
24 05 2021 09:46:05: Xem thông tin khám bệnh của bệnh nhân Trần Minh Minh 
24 05 2021 09:46:05: Xem thông tin khám bệnh của bệnh nhân Trần Minh Minh 
24 05 2021 09:46:06: Xem thông tin khám bệnh của bệnh nhân Nguyễn Minh Mẫn 
24 05 2021 09:46:08: Xem thông tin khám bệnh của bệnh nhân Nguyễn Minh Mẫn 
24 05 2021 09:46:09: Xem thông tin khám bệnh của bệnh nhân Nguyễn Minh Mẫn 
24 05 2021 09:46:18: Thay đổi thông tin thuốc trong đơn. 
24 05 2021 09:46:42: Xem thông tin bệnh nhân Trần Minh Minh 
24 05 2021 09:46:45: Xem thông tin khám bệnh của bệnh nhân Nguyễn Minh Mẫn 
24 05 2021 09:53:38: Xem thông tin bệnh nhân Nguyễn Minh Mẫn 
24 05 2021 09:53:41: Xem thông tin khám bệnh của bệnh nhân Nguyễn Minh Mẫn 
24 05 2021 10:12:21: Xem thông tin bệnh nhân Nguyễn Minh Mẫn 
24 05 2021 10:12:23: Xem thông tin khám bệnh của bệnh nhân Nguyễn Minh Mẫn 
24 05 2021 10:34:25: Xem thông tin bệnh nhân Nguyễn Minh Mẫn 
24 05 2021 10:34:27: Xem thông tin khám bệnh của bệnh nhân Nguyễn Minh Mẫn 
24 05 2021 10:34:30: Xem thông tin khám bệnh của bệnh nhân Nguyễn Minh Mẫn 
24 05 2021 10:34:32: Xem thông tin khám bệnh của bệnh nhân Trần Minh Minh 
24 05 2021 10:34:33: Xem thông tin khám bệnh của bệnh nhân Nguyễn Minh Mẫn 
24 05 2021 10:34:42: Thêm thuốc vào đơn. 
24 05 2021 10:34:47: Xóa thuốc khỏi đơn. 
24 05 2021 10:34:49: Xóa thuốc khỏi đơn. 
24 05 2021 10:34:51: Xem thông tin khám bệnh của bệnh nhân Nguyễn Minh Mẫn 
24 05 2021 10:34:51: Xem thông tin khám bệnh của bệnh nhân Trần Minh Minh 
24 05 2021 10:34:52: Xem thông tin khám bệnh của bệnh nhân Nguyễn Minh Mẫn 
24 05 2021 10:34:53: Xem thông tin khám bệnh của bệnh nhân Trần Minh Minh 
24 05 2021 10:34:53: Xem thông tin khám bệnh của bệnh nhân Nguyễn Minh Mẫn 
24 05 2021 10:34:54: Xem thông tin khám bệnh của bệnh nhân Nguyễn Minh Mẫn 
24 05 2021 10:34:56: Xem thông tin khám bệnh của bệnh nhân Nguyễn Minh Mẫn 
24 05 2021 10:34:58: Xem thông tin khám bệnh của bệnh nhân Nguyễn Minh Mẫn 
24 05 2021 10:35:19: Xóa thuốc khỏi đơn. 
24 05 2021 10:35:23: Thêm thuốc vào đơn. 
24 05 2021 10:35:35: Thêm thuốc vào đơn. 
24 05 2021 10:35:39: Xóa thuốc khỏi đơn. 
24 05 2021 10:35:42: Xem thông tin khám bệnh của bệnh nhân Nguyễn Minh Mẫn 
24 05 2021 10:35:43: Xem thông tin khám bệnh của bệnh nhân Trần Minh Minh 
24 05 2021 10:35:43: Xem thông tin khám bệnh của bệnh nhân Nguyễn Minh Mẫn 
24 05 2021 10:43:30: Xem thông tin bệnh nhân Nguyễn Minh Mẫn 
24 05 2021 10:43:53: Xem thông tin khám bệnh của bệnh nhân Nguyễn Minh Mẫn 
24 05 2021 14:16:14: Đổi mật khẩu 
24 05 2021 14:16:49: Đổi mật khẩu 
24 05 2021 17:28:24: Xem thông tin bệnh nhân Nguyễn Minh Mẫn 
24 05 2021 17:29:29: Xem thông tin bệnh nhân Nguyễn Minh Mẫn 
24 05 2021 17:35:55: Xem thông tin bác sĩ Nguyễn Thị Chi 
24 05 2021 17:35:56: Xem thông tin bác sĩ Nguyễn Minh Mẫn 
24 05 2021 17:35:56: Xem thông tin bác sĩ Phương Thái Ngọc 
24 05 2021 17:35:56: Xem thông tin bác sĩ Nguyễn Minh Mẫn 
24 05 2021 17:35:57: Xem thông tin bác sĩ Nguyễn Thị Chi 
24 05 2021 17:35:57: Xem thông tin bác sĩ Trần Văn Nam 
24 05 2021 17:35:57: Xem thông tin bác sĩ Nguyễn Thị Chi 
24 05 2021 17:35:58: Xem thông tin bác sĩ Nguyễn Minh Mẫn 
24 05 2021 17:35:58: Xem thông tin bác sĩ Phương Thái Ngọc 
24 05 2021 17:35:58: Xem thông tin bác sĩ Nguyễn Minh Mẫn 
24 05 2021 17:35:59: Xem thông tin bác sĩ Nguyễn Thị Chi 
24 05 2021 17:35:59: Xem thông tin bác sĩ Trần Văn Nam 
24 05 2021 17:35:59: Xem thông tin bác sĩ Nguyễn Thị Chi 
24 05 2021 17:35:59: Xem thông tin bác sĩ Nguyễn Minh Mẫn 
24 05 2021 17:36:00: Xem thông tin bác sĩ Phương Thái Ngọc 
24 05 2021 17:41:08: Xem thông tin bác sĩ Nguyễn Minh Mẫn 
24 05 2021 17:52:48: Đổi mật khẩu 
24 05 2021 17:54:10: Đổi mật khẩu 
24 05 2021 17:54:15: Đổi mật khẩu 
24 05 2021 17:54:56: Đổi mật khẩu 
24 05 2021 17:57:06: Đổi mật khẩu 
24 05 2021 17:58:10: Đổi mật khẩu 
24 05 2021 17:59:34: Đổi mật khẩu 
24 05 2021 18:00:22: Đổi mật khẩu 
24 05 2021 18:01:10: Đổi mật khẩu 
24 05 2021 18:01:55: Đổi mật khẩu 
24 05 2021 18:02:32: Đổi mật khẩu 
24 05 2021 18:05:55: Đổi mật khẩu 
24 05 2021 18:05:59: Đổi mật khẩu 
24 05 2021 18:06:33: Đổi mật khẩu 
24 05 2021 18:06:45: Đổi mật khẩu 
24 05 2021 18:07:44: Đổi mật khẩu 
24 05 2021 18:08:22: Đổi mật khẩu 
24 05 2021 18:10:10: Đổi mật khẩu 
24 05 2021 20:51:08: Thêm bệnh nhân Phương Thái Ngọc 
24 05 2021 20:51:10: Xem thông tin bệnh nhân Phương Thái Ngọc 
24 05 2021 20:51:19: Sửa thông tin bệnh nhân Phương Thái Ngọc 
24 05 2021 20:51:21: Xem thông tin bệnh nhân Phương Thái Ngọc 
24 05 2021 20:51:25: Xóa bệnh nhân Phương Thái Ngọc 
24 05 2021 20:51:38: Xem thông tin bệnh nhân Nguyễn Minh Mẫn 
24 05 2021 20:53:59: Xem thông tin bác sĩ Trần Văn Nam 
24 05 2021 20:54:05: Thêm bác sĩ Trần Văn Nam 
24 05 2021 20:54:06: Xem thông tin bác sĩ Trần Văn Nam 
24 05 2021 20:54:10: Sửa thông tin bác sĩ Trần Văn Nam 
24 05 2021 20:54:11: Xem thông tin bác sĩ Trần Văn Nam 
24 05 2021 20:54:13: Xóa bác sĩ Trần Văn Nam 
24 05 2021 20:54:19: Xem thông tin bác sĩ Nguyễn Thị Chi 
24 05 2021 20:54:20: Xem thông tin bác sĩ Trần Văn Nam 
24 05 2021 20:54:22: Xem thông tin bác sĩ Nguyễn Minh Mẫn 
24 05 2021 20:54:24: Thêm bác sĩ Nguyễn Minh Mẫn 
24 05 2021 20:54:29: Xem thông tin bác sĩ Nguyễn Minh Mẫn 
24 05 2021 20:54:30: Xem thông tin bác sĩ Nguyễn Minh Mẫn 
24 05 2021 20:54:30: Xem thông tin bác sĩ Nguyễn Minh Mẫn 
24 05 2021 20:54:30: Xem thông tin bác sĩ Nguyễn Minh Mẫn 
24 05 2021 20:57:51: Xem thông tin bệnh nhân Trần Minh Minh 
24 05 2021 20:57:54: Xem thông tin khám bệnh của bệnh nhân Trần Minh Minh 
24 05 2021 20:57:59: Thêm thông tin khám bệnh vào CSDL. 
24 05 2021 20:58:06: Thêm thuốc vào đơn. 
24 05 2021 20:58:15: Xem thông tin khám bệnh của bệnh nhân Trần Minh Minh 
24 05 2021 20:58:16: Xem thông tin khám bệnh của bệnh nhân Trần Minh Minh 
24 05 2021 20:58:17: Xem thông tin khám bệnh của bệnh nhân Trần Minh Minh 
24 05 2021 20:58:17: Xem thông tin khám bệnh của bệnh nhân Trần Minh Minh 
24 05 2021 21:11:16: Xem thông tin bệnh nhân Nguyễn Minh Mẫn 
24 05 2021 21:12:04: Xem thông tin bệnh nhân Nguyễn Minh Mẫn 
24 05 2021 21:13:50: Xem thông tin bệnh nhân Nguyễn Minh Mẫn 
24 05 2021 21:13:54: Xem thông tin khám bệnh của bệnh nhân Trần Minh Minh 
24 05 2021 21:14:42: Xem thông tin bệnh nhân Nguyễn Minh Mẫn 
24 05 2021 21:14:45: Xem thông tin khám bệnh của bệnh nhân Nguyễn Minh Mẫn 
24 05 2021 22:35:56: Xem thông tin tài khoản test2                                                                                                                                                                                                                                                           
24 05 2021 22:35:57: Xem thông tin tài khoản nguyenvana                                                                                                                                                                                                                                                      
24 05 2021 22:35:57: Xem thông tin tài khoản admin                                                                                                                                                                                                                                                           
24 05 2021 22:35:58: Xem thông tin tài khoản nguyenvana                                                                                                                                                                                                                                                      
24 05 2021 22:35:58: Xem thông tin tài khoản test1                                                                                                                                                                                                                                                           
24 05 2021 22:35:58: Xem thông tin tài khoản thaingoc                                                                                                                                                                                                                                                        
24 05 2021 22:40:35: Xem thông tin bệnh nhân Nguyễn Minh Mẫn 
24 05 2021 23:27:25: Xem thông tin bệnh nhân Nguyễn Minh Mẫn 
24 05 2021 23:27:58: Xem thông tin khám bệnh của bệnh nhân Nguyễn Minh Mẫn 
